
RAxML-NG v. 1.2.0 released on 09.05.2023 by The Exelixis Lab.
Developed by: Alexey M. Kozlov and Alexandros Stamatakis.
Contributors: Diego Darriba, Tomas Flouri, Benoit Morel, Sarah Lutteropp, Ben Bettisworth, Julia Haag, Anastasis Togkousidis.
Latest version: https://github.com/amkozlov/raxml-ng
Questions/problems/suggestions? Please visit: https://groups.google.com/forum/#!forum/raxml

System: Apple M1 Pro, 10 cores, 32 GB RAM

RAxML-NG was called at 01-Nov-2023 16:10:15 as follows:

/Applications/raxml-ng/raxml-ng --parse --msa AllEctoAligned_Trimmed.fasta --model GTR+I+G4 --prefix T2

Analysis options:
  run mode: Alignment parsing and compression
  start tree(s): 
  random seed: 1698873015
  tip-inner: OFF
  pattern compression: ON
  per-rate scalers: OFF
  site repeats: ON
  logLH epsilon: general: 10.000000, brlen-triplet: 1000.000000
  branch lengths: proportional (ML estimate, algorithm: NR-FAST)
  SIMD kernels: SSE3
  parallelization: coarse-grained (auto), PTHREADS (auto)

[00:00:00] Reading alignment from file: AllEctoAligned_Trimmed.fasta
[00:00:00] Loaded alignment with 165 taxa and 336 sites

WARNING: Sequences MK140104_1_Basilia_nana_isolate_KDS15_cytochrome_oxidase_subunit_I__COI__gene__partial_cds__mitochondrial_extraction and MK140104_1_Basilia_nana_isolate_KDS15_cytochrome_oxidase_subunit_I__COI__gene__partial_cds__mitochondrial_2_extraction are exactly identical!
WARNING: Sequences MF462046_1_Nycteribia_stylidiopsis_isolate_Nstyl2_cytochrome_c_oxidase_subunit_1__COI__gene__partial_cds__mitochondrial_extraction and MF462046_1_Nycteribia_stylidiopsis_isolate_Nstyl2_cytochrome_c_oxidase_subunit_1__COI__gene__partial_cds__mitochondrial_2_extraction are exactly identical!
WARNING: Sequences ON704664_1_Penicillidia_fulvida_voucher_FMNH220168_cytochrome_c_oxidase_subunit_I__COX1__gene__partial_cds__mitochondrial_extraction and ON704703_1_Penicillidia_fulvida_voucher_FMNH220254_cytochrome_c_oxidase_subunit_I__COX1__gene__partial_cds__mitochondrial_extraction are exactly identical!
WARNING: Sequences ON704664_1_Penicillidia_fulvida_voucher_FMNH220168_cytochrome_c_oxidase_subunit_I__COX1__gene__partial_cds__mitochondrial_extraction and ON704710_1_Penicillidia_fulvida_voucher_NMK182293_cytochrome_c_oxidase_subunit_I__COX1__gene__partial_cds__mitochondrial_extraction are exactly identical!
WARNING: Sequences KF021535_1_Penicillidia_oceanica_isolate_N17_cytochrome_c_oxidase_subunit_1__COI__gene__partial_cds__mitochondrial_extraction and KF021535_1_Penicillidia_oceanica_isolate_N17_cytochrome_c_oxidase_subunit_1__COI__gene__partial_cds__mitochondrial_2_extraction are exactly identical!
WARNING: Sequences MK140180_1_Penicillidia_conspicua_isolate_119bCJ1994321_cytochrome_oxidase_subunit_I__COI__gene__partial_cds__mitochondrial_extraction and MK140180_1_Penicillidia_conspicua_isolate_119bCJ1994321_cytochrome_oxidase_subunit_I__COI__gene__partial_cds__mitochondrial_2_extraction are exactly identical!
WARNING: Sequences KF021491_1_Eucampsipoda_africana_isolate_N4_cytochrome_c_oxidase_subunit_1__COI__gene__partial_cds__mitochondrial_extraction and KR997992_1_Eucampsipoda_sp__MD_2016_strain_AA008_cytochrome_oxidase_subunit_I__COI__gene__partial_cds__mitochondrial_extraction are exactly identical!
WARNING: Sequences KF021491_1_Eucampsipoda_africana_isolate_N4_cytochrome_c_oxidase_subunit_1__COI__gene__partial_cds__mitochondrial_extraction and KR997994_1_Eucampsipoda_sp__MD_2016_strain_AA023_cytochrome_oxidase_subunit_I__COI__gene__partial_cds__mitochondrial_extraction are exactly identical!
WARNING: Sequences KF021491_1_Eucampsipoda_africana_isolate_N4_cytochrome_c_oxidase_subunit_1__COI__gene__partial_cds__mitochondrial_extraction and MH151059_1_Eucampsipoda_africana_isolate_NG13_008_cytochrome_oxidase_subunit_I__COI__gene__partial_cds__mitochondrial_extraction are exactly identical!
WARNING: Sequences KF021491_1_Eucampsipoda_africana_isolate_N4_cytochrome_c_oxidase_subunit_1__COI__gene__partial_cds__mitochondrial_extraction and MH151060_1_Eucampsipoda_africana_isolate_NG13_099_2_cytochrome_oxidase_subunit_I__COI__gene__partial_cds__mitochondrial_extraction are exactly identical!
WARNING: Sequences KF021491_1_Eucampsipoda_africana_isolate_N4_cytochrome_c_oxidase_subunit_1__COI__gene__partial_cds__mitochondrial_extraction and MH151062_1_Eucampsipoda_africana_isolate_NG13_057_cytochrome_oxidase_subunit_I__COI__gene__partial_cds__mitochondrial_extraction are exactly identical!
WARNING: Sequences KF021491_1_Eucampsipoda_africana_isolate_N4_cytochrome_c_oxidase_subunit_1__COI__gene__partial_cds__mitochondrial_extraction and KR997995_1_Eucampsipoda_sp__MD_2016_strain_AA034_cytochrome_oxidase_subunit_I__COI__gene__partial_cds__mitochondrial_extraction are exactly identical!
WARNING: Sequences KF021491_1_Eucampsipoda_africana_isolate_N4_cytochrome_c_oxidase_subunit_1__COI__gene__partial_cds__mitochondrial_extraction and KR997996_1_Eucampsipoda_sp__MD_2016_strain_AA024_cytochrome_oxidase_subunit_I__COI__gene__partial_cds__mitochondrial_extraction are exactly identical!
WARNING: Sequences KF021491_1_Eucampsipoda_africana_isolate_N4_cytochrome_c_oxidase_subunit_1__COI__gene__partial_cds__mitochondrial_extraction and KR997999_1_Eucampsipoda_sp__MD_2016_strain_AA035_cytochrome_oxidase_subunit_I__COI__gene__partial_cds__mitochondrial_extraction are exactly identical!
WARNING: Sequences KF021491_1_Eucampsipoda_africana_isolate_N4_cytochrome_c_oxidase_subunit_1__COI__gene__partial_cds__mitochondrial_extraction and KR998001_1_Eucampsipoda_sp__MD_2016_strain_AA033_cytochrome_oxidase_subunit_I__COI__gene__partial_cds__mitochondrial_extraction are exactly identical!
WARNING: Sequences KF021491_1_Eucampsipoda_africana_isolate_N4_cytochrome_c_oxidase_subunit_1__COI__gene__partial_cds__mitochondrial_extraction and MH151064_1_Eucampsipoda_africana_isolate_NG13_051_cytochrome_oxidase_subunit_I__COI__gene__partial_cds__mitochondrial_extraction are exactly identical!
WARNING: Sequences KF021491_1_Eucampsipoda_africana_isolate_N4_cytochrome_c_oxidase_subunit_1__COI__gene__partial_cds__mitochondrial_extraction and MH151065_1_Eucampsipoda_africana_isolate_NG13_018_cytochrome_oxidase_subunit_I__COI__gene__partial_cds__mitochondrial_extraction are exactly identical!
WARNING: Sequences KF021491_1_Eucampsipoda_africana_isolate_N4_cytochrome_c_oxidase_subunit_1__COI__gene__partial_cds__mitochondrial_extraction and KR997993_1_Eucampsipoda_sp__MD_2016_strain_AA037_cytochrome_oxidase_subunit_I__COI__gene__partial_cds__mitochondrial_extraction are exactly identical!
WARNING: Sequences KF021491_1_Eucampsipoda_africana_isolate_N4_cytochrome_c_oxidase_subunit_1__COI__gene__partial_cds__mitochondrial_extraction and LC536587_1_Eucampsipoda_africana_ZBF2_mitochondrial_COI_gene_for_cytochrome_c_oxidase_subunit_1__partial_cds_extraction are exactly identical!
WARNING: Sequences KF021491_1_Eucampsipoda_africana_isolate_N4_cytochrome_c_oxidase_subunit_1__COI__gene__partial_cds__mitochondrial_extraction and LC536588_1_Eucampsipoda_africana_ZBF3_mitochondrial_COI_gene_for_cytochrome_c_oxidase_subunit_1__partial_cds_extraction are exactly identical!
WARNING: Sequences KR997997_1_Eucampsipoda_sp__MD_2016_strain_AA026_cytochrome_oxidase_subunit_I__COI__gene__partial_cds__mitochondrial_extraction and MH151066_1_Eucampsipoda_africana_isolate_NG13_013_2_cytochrome_oxidase_subunit_I__COI__gene__partial_cds__mitochondrial_extraction are exactly identical!
WARNING: Sequences KF021496_1_Eucampsipoda_theodori_isolate_28DM_cytochrome_c_oxidase_subunit_1__COI__gene__partial_cds__mitochondrial_extraction and KF021499_1_Eucampsipoda_theodori_isolate_31DM_cytochrome_c_oxidase_subunit_1__COI__gene__partial_cds__mitochondrial_extraction are exactly identical!
WARNING: Sequences KF021497_1_Eucampsipoda_theodori_isolate_29F_cytochrome_c_oxidase_subunit_1__COI__gene__partial_cds__mitochondrial_extraction and KF021498_1_Eucampsipoda_theodori_isolate_30DM_cytochrome_c_oxidase_subunit_1__COI__gene__partial_cds__mitochondrial_extraction are exactly identical!
WARNING: Sequences KF021494_1_Eucampsipoda_madagascarensis_isolate_J43_cytochrome_c_oxidase_subunit_1__COI__gene__partial_cds__mitochondrial_extraction and MIZ534_EM_MA_extraction are exactly identical!
WARNING: Sequences KF021494_1_Eucampsipoda_madagascarensis_isolate_J43_cytochrome_c_oxidase_subunit_1__COI__gene__partial_cds__mitochondrial_extraction and ROU184_EM_F27A_extraction are exactly identical!
WARNING: Sequences KF021495_1_Eucampsipoda_madagascarensis_isolate_J48_cytochrome_c_oxidase_subunit_1__COI__gene__partial_cds__mitochondrial_extraction and MIZ250_EM_FA_extraction are exactly identical!
WARNING: Sequences KF021495_1_Eucampsipoda_madagascarensis_isolate_J48_cytochrome_c_oxidase_subunit_1__COI__gene__partial_cds__mitochondrial_extraction and MIZ267_EM_MA_extraction are exactly identical!
WARNING: Sequences KF021495_1_Eucampsipoda_madagascarensis_isolate_J48_cytochrome_c_oxidase_subunit_1__COI__gene__partial_cds__mitochondrial_extraction and MIZ367_EM_FA_extraction are exactly identical!
WARNING: Sequences KF021495_1_Eucampsipoda_madagascarensis_isolate_J48_cytochrome_c_oxidase_subunit_1__COI__gene__partial_cds__mitochondrial_extraction and MIZ452_EM_MA_extraction are exactly identical!
WARNING: Sequences KF021495_1_Eucampsipoda_madagascarensis_isolate_J48_cytochrome_c_oxidase_subunit_1__COI__gene__partial_cds__mitochondrial_extraction and MIZ468_EM_MA_extraction are exactly identical!
WARNING: Sequences KF021495_1_Eucampsipoda_madagascarensis_isolate_J48_cytochrome_c_oxidase_subunit_1__COI__gene__partial_cds__mitochondrial_extraction and MIZ475_EM_M27B_extraction are exactly identical!
WARNING: Sequences KF021495_1_Eucampsipoda_madagascarensis_isolate_J48_cytochrome_c_oxidase_subunit_1__COI__gene__partial_cds__mitochondrial_extraction and MIZ476_EM_F27A_extraction are exactly identical!
WARNING: Sequences KF021495_1_Eucampsipoda_madagascarensis_isolate_J48_cytochrome_c_oxidase_subunit_1__COI__gene__partial_cds__mitochondrial_extraction and MIZ482_W_F27A_extraction are exactly identical!
WARNING: Sequences KF021495_1_Eucampsipoda_madagascarensis_isolate_J48_cytochrome_c_oxidase_subunit_1__COI__gene__partial_cds__mitochondrial_extraction and MIZ497_EM_B_extraction are exactly identical!
WARNING: Sequences KF021495_1_Eucampsipoda_madagascarensis_isolate_J48_cytochrome_c_oxidase_subunit_1__COI__gene__partial_cds__mitochondrial_extraction and MIZ543_EM_MA_extraction are exactly identical!
WARNING: Sequences KF021495_1_Eucampsipoda_madagascarensis_isolate_J48_cytochrome_c_oxidase_subunit_1__COI__gene__partial_cds__mitochondrial_extraction and ROU114_W_B_extraction are exactly identical!
WARNING: Sequences KF021495_1_Eucampsipoda_madagascarensis_isolate_J48_cytochrome_c_oxidase_subunit_1__COI__gene__partial_cds__mitochondrial_extraction and ROU124_EM_F27A_extraction are exactly identical!
WARNING: Sequences KF021495_1_Eucampsipoda_madagascarensis_isolate_J48_cytochrome_c_oxidase_subunit_1__COI__gene__partial_cds__mitochondrial_extraction and MIZ306_EM_M27A_extraction are exactly identical!
WARNING: Sequences KF021495_1_Eucampsipoda_madagascarensis_isolate_J48_cytochrome_c_oxidase_subunit_1__COI__gene__partial_cds__mitochondrial_extraction and MIZ481_EM_MA_extraction are exactly identical!
WARNING: Sequences KF021495_1_Eucampsipoda_madagascarensis_isolate_J48_cytochrome_c_oxidase_subunit_1__COI__gene__partial_cds__mitochondrial_extraction and ROU120_EM_FA_extraction are exactly identical!
WARNING: Sequences KF021495_1_Eucampsipoda_madagascarensis_isolate_J48_cytochrome_c_oxidase_subunit_1__COI__gene__partial_cds__mitochondrial_extraction and MIZ492_EM_B_extraction are exactly identical!
WARNING: Sequences KF021495_1_Eucampsipoda_madagascarensis_isolate_J48_cytochrome_c_oxidase_subunit_1__COI__gene__partial_cds__mitochondrial_extraction and ROU132_EM_B_extraction are exactly identical!
WARNING: Sequences KF021495_1_Eucampsipoda_madagascarensis_isolate_J48_cytochrome_c_oxidase_subunit_1__COI__gene__partial_cds__mitochondrial_extraction and MIZ466_EM_F27A_extraction are exactly identical!
WARNING: Sequences KF021495_1_Eucampsipoda_madagascarensis_isolate_J48_cytochrome_c_oxidase_subunit_1__COI__gene__partial_cds__mitochondrial_extraction and MIZ484_EM_F27A_extraction are exactly identical!
WARNING: Sequences KF021495_1_Eucampsipoda_madagascarensis_isolate_J48_cytochrome_c_oxidase_subunit_1__COI__gene__partial_cds__mitochondrial_extraction and MIZ484_EM_M27B_extraction are exactly identical!
WARNING: Sequences KF021495_1_Eucampsipoda_madagascarensis_isolate_J48_cytochrome_c_oxidase_subunit_1__COI__gene__partial_cds__mitochondrial_extraction and ROU192_EM_M27A_extraction are exactly identical!
WARNING: Sequences KF021495_1_Eucampsipoda_madagascarensis_isolate_J48_cytochrome_c_oxidase_subunit_1__COI__gene__partial_cds__mitochondrial_extraction and ROU124_EM_NA27B_extraction are exactly identical!
WARNING: Sequences KF021495_1_Eucampsipoda_madagascarensis_isolate_J48_cytochrome_c_oxidase_subunit_1__COI__gene__partial_cds__mitochondrial_extraction and MIZ312_EM_F27B_extraction are exactly identical!
WARNING: Sequences KF021495_1_Eucampsipoda_madagascarensis_isolate_J48_cytochrome_c_oxidase_subunit_1__COI__gene__partial_cds__mitochondrial_extraction and MIZ475_EM_F27A_extraction are exactly identical!
WARNING: Sequences KF021495_1_Eucampsipoda_madagascarensis_isolate_J48_cytochrome_c_oxidase_subunit_1__COI__gene__partial_cds__mitochondrial_extraction and MIZ512_EM_MA_extraction are exactly identical!
WARNING: Sequences KF021495_1_Eucampsipoda_madagascarensis_isolate_J48_cytochrome_c_oxidase_subunit_1__COI__gene__partial_cds__mitochondrial_extraction and MIZ463_EM_FA_extraction are exactly identical!
WARNING: Sequences KF021495_1_Eucampsipoda_madagascarensis_isolate_J48_cytochrome_c_oxidase_subunit_1__COI__gene__partial_cds__mitochondrial_extraction and MIZ343_EM_FA_extraction are exactly identical!
WARNING: Sequences KF021495_1_Eucampsipoda_madagascarensis_isolate_J48_cytochrome_c_oxidase_subunit_1__COI__gene__partial_cds__mitochondrial_extraction and MIZ468_EM_B_extraction are exactly identical!
WARNING: Sequences KF021495_1_Eucampsipoda_madagascarensis_isolate_J48_cytochrome_c_oxidase_subunit_1__COI__gene__partial_cds__mitochondrial_extraction and MIZ497_EM_MA_extraction are exactly identical!
WARNING: Sequences KF021495_1_Eucampsipoda_madagascarensis_isolate_J48_cytochrome_c_oxidase_subunit_1__COI__gene__partial_cds__mitochondrial_extraction and MIZ207_EM_MA_extraction are exactly identical!
WARNING: Sequences KF021495_1_Eucampsipoda_madagascarensis_isolate_J48_cytochrome_c_oxidase_subunit_1__COI__gene__partial_cds__mitochondrial_extraction and MIZ346_EM_MA_extraction are exactly identical!
WARNING: Sequences KF021495_1_Eucampsipoda_madagascarensis_isolate_J48_cytochrome_c_oxidase_subunit_1__COI__gene__partial_cds__mitochondrial_extraction and MIZ300_W_F27A_extraction are exactly identical!
WARNING: Sequences KF021495_1_Eucampsipoda_madagascarensis_isolate_J48_cytochrome_c_oxidase_subunit_1__COI__gene__partial_cds__mitochondrial_extraction and MIZ452_EM_B_extraction are exactly identical!
WARNING: Sequences KF021495_1_Eucampsipoda_madagascarensis_isolate_J48_cytochrome_c_oxidase_subunit_1__COI__gene__partial_cds__mitochondrial_extraction and MIZ262_EM_B_extraction are exactly identical!
WARNING: Sequences KF021495_1_Eucampsipoda_madagascarensis_isolate_J48_cytochrome_c_oxidase_subunit_1__COI__gene__partial_cds__mitochondrial_extraction and MIZ463_EM_B_extraction are exactly identical!
WARNING: Sequences KF021495_1_Eucampsipoda_madagascarensis_isolate_J48_cytochrome_c_oxidase_subunit_1__COI__gene__partial_cds__mitochondrial_extraction and MIZ467_EM_M28_extraction are exactly identical!
WARNING: Sequences KF021495_1_Eucampsipoda_madagascarensis_isolate_J48_cytochrome_c_oxidase_subunit_1__COI__gene__partial_cds__mitochondrial_extraction and ROU120_EM_M27B_extraction are exactly identical!
WARNING: Sequences KF021495_1_Eucampsipoda_madagascarensis_isolate_J48_cytochrome_c_oxidase_subunit_1__COI__gene__partial_cds__mitochondrial_extraction and ROU124_EM_M28_extraction are exactly identical!
WARNING: Sequences KF021495_1_Eucampsipoda_madagascarensis_isolate_J48_cytochrome_c_oxidase_subunit_1__COI__gene__partial_cds__mitochondrial_extraction and ROU131_EM_M28B_extraction are exactly identical!
WARNING: Sequences KF021495_1_Eucampsipoda_madagascarensis_isolate_J48_cytochrome_c_oxidase_subunit_1__COI__gene__partial_cds__mitochondrial_extraction and ROU187_EM_M27A_extraction are exactly identical!
WARNING: Sequences KF021495_1_Eucampsipoda_madagascarensis_isolate_J48_cytochrome_c_oxidase_subunit_1__COI__gene__partial_cds__mitochondrial_extraction and ROU187_EM_M27B_extraction are exactly identical!
WARNING: Sequences KF021495_1_Eucampsipoda_madagascarensis_isolate_J48_cytochrome_c_oxidase_subunit_1__COI__gene__partial_cds__mitochondrial_extraction and ROU189_EM_F27B_extraction are exactly identical!
WARNING: Sequences KF021495_1_Eucampsipoda_madagascarensis_isolate_J48_cytochrome_c_oxidase_subunit_1__COI__gene__partial_cds__mitochondrial_extraction and ROU189_EM_F28_extraction are exactly identical!
WARNING: Sequences KF021495_1_Eucampsipoda_madagascarensis_isolate_J48_cytochrome_c_oxidase_subunit_1__COI__gene__partial_cds__mitochondrial_extraction and MIZ464_EM_M27B_extraction are exactly identical!
WARNING: Sequences KF021495_1_Eucampsipoda_madagascarensis_isolate_J48_cytochrome_c_oxidase_subunit_1__COI__gene__partial_cds__mitochondrial_extraction and ROU131_EM_M27A_extraction are exactly identical!
WARNING: Sequences KF021495_1_Eucampsipoda_madagascarensis_isolate_J48_cytochrome_c_oxidase_subunit_1__COI__gene__partial_cds__mitochondrial_extraction and ROU176_EM_NA27B_extraction are exactly identical!
WARNING: Sequences KF021495_1_Eucampsipoda_madagascarensis_isolate_J48_cytochrome_c_oxidase_subunit_1__COI__gene__partial_cds__mitochondrial_extraction and ROU184_EM_NA27B_extraction are exactly identical!
WARNING: Sequences KF021495_1_Eucampsipoda_madagascarensis_isolate_J48_cytochrome_c_oxidase_subunit_1__COI__gene__partial_cds__mitochondrial_extraction and ROU192_EM_NA27B_extraction are exactly identical!
WARNING: Sequences KF021495_1_Eucampsipoda_madagascarensis_isolate_J48_cytochrome_c_oxidase_subunit_1__COI__gene__partial_cds__mitochondrial_extraction and MIZ484_EM_M28_extraction are exactly identical!
WARNING: Sequences KF021495_1_Eucampsipoda_madagascarensis_isolate_J48_cytochrome_c_oxidase_subunit_1__COI__gene__partial_cds__mitochondrial_extraction and ROU139_EM_M27A_extraction are exactly identical!
WARNING: Sequences KF021495_1_Eucampsipoda_madagascarensis_isolate_J48_cytochrome_c_oxidase_subunit_1__COI__gene__partial_cds__mitochondrial_extraction and ROU184_EM_M28_extraction are exactly identical!
WARNING: Sequences KF021495_1_Eucampsipoda_madagascarensis_isolate_J48_cytochrome_c_oxidase_subunit_1__COI__gene__partial_cds__mitochondrial_extraction and ROU132_EM_MA_extraction are exactly identical!
WARNING: Sequences KF021495_1_Eucampsipoda_madagascarensis_isolate_J48_cytochrome_c_oxidase_subunit_1__COI__gene__partial_cds__mitochondrial_extraction and MIZ455_EM_M28_extraction are exactly identical!
WARNING: Sequences KF021495_1_Eucampsipoda_madagascarensis_isolate_J48_cytochrome_c_oxidase_subunit_1__COI__gene__partial_cds__mitochondrial_extraction and MIZ250_EM_B_extraction are exactly identical!
WARNING: Sequences KF021495_1_Eucampsipoda_madagascarensis_isolate_J48_cytochrome_c_oxidase_subunit_1__COI__gene__partial_cds__mitochondrial_extraction and MIZ312_EM_F27A_extraction are exactly identical!
WARNING: Sequences KF021495_1_Eucampsipoda_madagascarensis_isolate_J48_cytochrome_c_oxidase_subunit_1__COI__gene__partial_cds__mitochondrial_extraction and MIZ466_EM_M28_extraction are exactly identical!
WARNING: Sequences KF021495_1_Eucampsipoda_madagascarensis_isolate_J48_cytochrome_c_oxidase_subunit_1__COI__gene__partial_cds__mitochondrial_extraction and MIZ455_EM_M27B_extraction are exactly identical!
WARNING: Sequences KF021495_1_Eucampsipoda_madagascarensis_isolate_J48_cytochrome_c_oxidase_subunit_1__COI__gene__partial_cds__mitochondrial_extraction and MIZ487_EM_M27B_extraction are exactly identical!
WARNING: Sequences KF021495_1_Eucampsipoda_madagascarensis_isolate_J48_cytochrome_c_oxidase_subunit_1__COI__gene__partial_cds__mitochondrial_extraction and MIZ312_EM_M28_extraction are exactly identical!
WARNING: Sequences OM283588_1_Eucampsipoda_africana_voucher_EA_1_cytochrome_c_oxidase_subunit_I__COX1__gene__partial_cds__mitochondrial_extraction and OM283591_1_Eucampsipoda_africana_voucher_EA_4_cytochrome_c_oxidase_subunit_I__COX1__gene__partial_cds__mitochondrial_extraction are exactly identical!
WARNING: Sequences OM283588_1_Eucampsipoda_africana_voucher_EA_1_cytochrome_c_oxidase_subunit_I__COX1__gene__partial_cds__mitochondrial_extraction and OM283589_1_Eucampsipoda_africana_voucher_EA_2_cytochrome_c_oxidase_subunit_I__COX1__gene__partial_cds__mitochondrial_extraction are exactly identical!
WARNING: Sequences OM283588_1_Eucampsipoda_africana_voucher_EA_1_cytochrome_c_oxidase_subunit_I__COX1__gene__partial_cds__mitochondrial_extraction and OM283593_1_Eucampsipoda_africana_voucher_EA_6_cytochrome_c_oxidase_subunit_I__COX1__gene__partial_cds__mitochondrial_extraction are exactly identical!
WARNING: Sequences KEL149_CD_3FB_extraction and KEL149_CD_4MB_extraction are exactly identical!
WARNING: Sequences KEL149_CD_3FB_extraction and KEL194_CD_1MB_extraction are exactly identical!
WARNING: Sequences KEL149_CD_3FB_extraction and KEL239_CD_2FB_extraction are exactly identical!
WARNING: Sequences KEL149_CD_3FB_extraction and KEL272_CD_3MB_extraction are exactly identical!
WARNING: Sequences KEL149_CD_3FB_extraction and KEL272_CD_4MB_extraction are exactly identical!
WARNING: Sequences KEL149_CD_3FB_extraction and KEL282_CD_1FB_extraction are exactly identical!
WARNING: Sequences KEL149_CD_3FB_extraction and KEL282_CD_2F_extraction are exactly identical!
WARNING: Sequences KEL149_CD_3FB_extraction and MIZ343_W_M28_extraction are exactly identical!
WARNING: Sequences KEL149_CD_3FB_extraction and MF462043_1_Cyclopodia_dubia_isolate_9Cdu_cytochrome_c_oxidase_subunit_1__COI__gene__partial_cds__mitochondrial_extraction are exactly identical!
WARNING: Sequences KF273778_1_Cyclopodia_horsfieldi_isolate_LYL1_cytochrome_oxidase_subunit_I__COI__gene__partial_cds__mitochondrial_extraction and KF273779_1_Cyclopodia_horsfieldi_isolate_PT16_cytochrome_oxidase_subunit_I__COI__gene__partial_cds__mitochondrial_extraction are exactly identical!
WARNING: Sequences AB632571_1_Brachytarsina_kanoi_mitochondrial_gene_for_cytochrome_oxidase_subunit_I__partial_cds_extraction and AB632571_1_Brachytarsina_kanoi_mitochondrial_gene_for_cytochrome_oxidase_subunit_I__partial_cds_2_extraction are exactly identical!
WARNING: Sequences OM327588_1_Brachytarsina_kanoi_voucher_BK_2_cytochrome_c_oxidase_subunit_I__COX1__gene__partial_cds__mitochondrial_extraction and OM327589_1_Brachytarsina_kanoi_voucher_BK_3_cytochrome_c_oxidase_subunit_I__COX1__gene__partial_cds__mitochondrial_extraction are exactly identical!
WARNING: Sequences MIZ485_W_1M_extraction and MIZ492_W_1M_extraction are exactly identical!
WARNING: Duplicate sequences found: 100

NOTE: Reduced alignment (with duplicates and gap-only sites/taxa removed) 
NOTE: was saved to: /Users/carabrook/Developer/Mada-Ectoparasites/Phylogeny/phylo-trimmed/T2.raxml.reduced.phy

Alignment comprises 1 partitions and 167 patterns

Partition 0: noname
Model: GTR+FO+I+G4m
Alignment sites / patterns: 336 / 167
Gaps: 0.00 %
Invariant sites: 50.00 %


NOTE: Binary MSA file created: T2.raxml.rba


* Estimated memory requirements                : 7 MB

* Recommended number of threads / MPI processes: 1

Please note that numbers given above are rough estimates only. 
Actual memory consumption and parallel performance on your system may differ!

Alignment can be successfully read by RAxML-NG.


Execution log saved to: /Users/carabrook/Developer/Mada-Ectoparasites/Phylogeny/phylo-trimmed/T2.raxml.log

Analysis started: 01-Nov-2023 16:10:15 / finished: 01-Nov-2023 16:10:15

Elapsed time: 0.003 seconds

