
RAxML-NG v. 1.2.0 released on 09.05.2023 by The Exelixis Lab.
Developed by: Alexey M. Kozlov and Alexandros Stamatakis.
Contributors: Diego Darriba, Tomas Flouri, Benoit Morel, Sarah Lutteropp, Ben Bettisworth, Julia Haag, Anastasis Togkousidis.
Latest version: https://github.com/amkozlov/raxml-ng
Questions/problems/suggestions? Please visit: https://groups.google.com/forum/#!forum/raxml

System: Apple M1 Pro, 10 cores, 32 GB RAM

RAxML-NG was called at 01-Nov-2023 16:14:03 as follows:

/Applications/raxml-ng/raxml-ng --check --msa AllEctoAlignedFull.fasta --model GTR+I+G4 --prefix T1

Analysis options:
  run mode: Alignment validation
  start tree(s): 
  random seed: 1698873243
  SIMD kernels: SSE3
  parallelization: coarse-grained (auto), PTHREADS (auto)

[00:00:00] Reading alignment from file: AllEctoAlignedFull.fasta
[00:00:00] Loaded alignment with 165 taxa and 19517 sites

WARNING: Sequences MK140104_1_Basilia_nana_isolate_KDS15_cytochrome_oxidase_subunit_I__COI__gene__partial_cds__mitochondrial and MK140104_1_Basilia_nana_isolate_KDS15_cytochrome_oxidase_subunit_I__COI__gene__partial_cds__mitochondrial_2 are exactly identical!
WARNING: Sequences MF462046_1_Nycteribia_stylidiopsis_isolate_Nstyl2_cytochrome_c_oxidase_subunit_1__COI__gene__partial_cds__mitochondrial and MF462046_1_Nycteribia_stylidiopsis_isolate_Nstyl2_cytochrome_c_oxidase_subunit_1__COI__gene__partial_cds__mitochondrial_2 are exactly identical!
WARNING: Sequences KF021535_1_Penicillidia_oceanica_isolate_N17_cytochrome_c_oxidase_subunit_1__COI__gene__partial_cds__mitochondrial and KF021535_1_Penicillidia_oceanica_isolate_N17_cytochrome_c_oxidase_subunit_1__COI__gene__partial_cds__mitochondrial_2 are exactly identical!
WARNING: Sequences MK140180_1_Penicillidia_conspicua_isolate_119bCJ1994321_cytochrome_oxidase_subunit_I__COI__gene__partial_cds__mitochondrial and MK140180_1_Penicillidia_conspicua_isolate_119bCJ1994321_cytochrome_oxidase_subunit_I__COI__gene__partial_cds__mitochondrial_2 are exactly identical!
WARNING: Sequences KR997992_1_Eucampsipoda_sp__MD_2016_strain_AA008_cytochrome_oxidase_subunit_I__COI__gene__partial_cds__mitochondrial and KR997994_1_Eucampsipoda_sp__MD_2016_strain_AA023_cytochrome_oxidase_subunit_I__COI__gene__partial_cds__mitochondrial are exactly identical!
WARNING: Sequences KR997992_1_Eucampsipoda_sp__MD_2016_strain_AA008_cytochrome_oxidase_subunit_I__COI__gene__partial_cds__mitochondrial and MH151059_1_Eucampsipoda_africana_isolate_NG13_008_cytochrome_oxidase_subunit_I__COI__gene__partial_cds__mitochondrial are exactly identical!
WARNING: Sequences KR997992_1_Eucampsipoda_sp__MD_2016_strain_AA008_cytochrome_oxidase_subunit_I__COI__gene__partial_cds__mitochondrial and MH151060_1_Eucampsipoda_africana_isolate_NG13_099_2_cytochrome_oxidase_subunit_I__COI__gene__partial_cds__mitochondrial are exactly identical!
WARNING: Sequences KR997992_1_Eucampsipoda_sp__MD_2016_strain_AA008_cytochrome_oxidase_subunit_I__COI__gene__partial_cds__mitochondrial and MH151062_1_Eucampsipoda_africana_isolate_NG13_057_cytochrome_oxidase_subunit_I__COI__gene__partial_cds__mitochondrial are exactly identical!
WARNING: Sequences KR997995_1_Eucampsipoda_sp__MD_2016_strain_AA034_cytochrome_oxidase_subunit_I__COI__gene__partial_cds__mitochondrial and KR997996_1_Eucampsipoda_sp__MD_2016_strain_AA024_cytochrome_oxidase_subunit_I__COI__gene__partial_cds__mitochondrial are exactly identical!
WARNING: Sequences KR997999_1_Eucampsipoda_sp__MD_2016_strain_AA035_cytochrome_oxidase_subunit_I__COI__gene__partial_cds__mitochondrial and KR998001_1_Eucampsipoda_sp__MD_2016_strain_AA033_cytochrome_oxidase_subunit_I__COI__gene__partial_cds__mitochondrial are exactly identical!
WARNING: Sequences KF021496_1_Eucampsipoda_theodori_isolate_28DM_cytochrome_c_oxidase_subunit_1__COI__gene__partial_cds__mitochondrial and KF021499_1_Eucampsipoda_theodori_isolate_31DM_cytochrome_c_oxidase_subunit_1__COI__gene__partial_cds__mitochondrial are exactly identical!
WARNING: Sequences KF021497_1_Eucampsipoda_theodori_isolate_29F_cytochrome_c_oxidase_subunit_1__COI__gene__partial_cds__mitochondrial and KF021498_1_Eucampsipoda_theodori_isolate_30DM_cytochrome_c_oxidase_subunit_1__COI__gene__partial_cds__mitochondrial are exactly identical!
WARNING: Sequences MIZ250_EM_FA and MIZ267_EM_MA are exactly identical!
WARNING: Sequences MIZ250_EM_FA and MIZ367_EM_FA are exactly identical!
WARNING: Sequences MIZ250_EM_FA and MIZ452_EM_MA are exactly identical!
WARNING: Sequences MIZ250_EM_FA and MIZ468_EM_MA are exactly identical!
WARNING: Sequences MIZ250_EM_FA and MIZ475_EM_M27B are exactly identical!
WARNING: Sequences MIZ250_EM_FA and MIZ476_EM_F27A are exactly identical!
WARNING: Sequences MIZ250_EM_FA and MIZ482_W_F27A are exactly identical!
WARNING: Sequences MIZ250_EM_FA and MIZ497_EM_B are exactly identical!
WARNING: Sequences MIZ250_EM_FA and MIZ543_EM_MA are exactly identical!
WARNING: Sequences MIZ250_EM_FA and ROU114_W_B are exactly identical!
WARNING: Sequences MIZ250_EM_FA and ROU124_EM_F27A are exactly identical!
WARNING: Sequences MIZ484_EM_F27A and MIZ484_EM_M27B are exactly identical!
WARNING: Sequences MIZ484_EM_F27A and ROU192_EM_M27A are exactly identical!
WARNING: Sequences MIZ343_EM_FA and MIZ468_EM_B are exactly identical!
WARNING: Sequences MIZ343_EM_FA and MIZ497_EM_MA are exactly identical!
WARNING: Sequences MIZ463_EM_B and MIZ467_EM_M28 are exactly identical!
WARNING: Sequences MIZ463_EM_B and ROU120_EM_M27B are exactly identical!
WARNING: Sequences MIZ463_EM_B and ROU124_EM_M28 are exactly identical!
WARNING: Sequences MIZ463_EM_B and ROU131_EM_M28B are exactly identical!
WARNING: Sequences MIZ463_EM_B and ROU187_EM_M27A are exactly identical!
WARNING: Sequences MIZ463_EM_B and ROU187_EM_M27B are exactly identical!
WARNING: Sequences MIZ463_EM_B and ROU189_EM_F27B are exactly identical!
WARNING: Sequences MIZ463_EM_B and ROU189_EM_F28 are exactly identical!
WARNING: Sequences MIZ464_EM_M27B and ROU131_EM_M27A are exactly identical!
WARNING: Sequences MIZ464_EM_M27B and ROU176_EM_NA27B are exactly identical!
WARNING: Sequences MIZ464_EM_M27B and ROU184_EM_NA27B are exactly identical!
WARNING: Sequences MIZ464_EM_M27B and ROU192_EM_NA27B are exactly identical!
WARNING: Sequences ROU139_EM_M27A and ROU184_EM_M28 are exactly identical!
WARNING: Sequences MIZ312_EM_F27A and MIZ466_EM_M28 are exactly identical!
WARNING: Sequences KEL149_CD_3FB and KEL149_CD_4MB are exactly identical!
WARNING: Sequences KEL149_CD_3FB and KEL194_CD_1MB are exactly identical!
WARNING: Sequences KEL149_CD_3FB and KEL239_CD_2FB are exactly identical!
WARNING: Sequences KEL149_CD_3FB and KEL272_CD_3MB are exactly identical!
WARNING: Sequences KEL149_CD_3FB and KEL272_CD_4MB are exactly identical!
WARNING: Sequences KEL149_CD_3FB and KEL282_CD_1FB are exactly identical!
WARNING: Sequences KEL149_CD_3FB and KEL282_CD_2F are exactly identical!
WARNING: Sequences KF273778_1_Cyclopodia_horsfieldi_isolate_LYL1_cytochrome_oxidase_subunit_I__COI__gene__partial_cds__mitochondrial and KF273779_1_Cyclopodia_horsfieldi_isolate_PT16_cytochrome_oxidase_subunit_I__COI__gene__partial_cds__mitochondrial are exactly identical!
WARNING: Sequences AB632571_1_Brachytarsina_kanoi_mitochondrial_gene_for_cytochrome_oxidase_subunit_I__partial_cds and AB632571_1_Brachytarsina_kanoi_mitochondrial_gene_for_cytochrome_oxidase_subunit_I__partial_cds_2 are exactly identical!
WARNING: Duplicate sequences found: 50

NOTE: Reduced alignment (with duplicates and gap-only sites/taxa removed) 
NOTE: was saved to: /Users/carabrook/Developer/Mada-Ectoparasites/Phylogeny/phylo-full/T1.raxml.reduced.phy

Alignment comprises 1 partitions and 19517 sites

Partition 0: noname
Model: GTR+FO+I+G4m
Alignment sites: 19517
Gaps: 96.10 %
Invariant sites: 98.42 %



Alignment can be successfully read by RAxML-NG.


Execution log saved to: /Users/carabrook/Developer/Mada-Ectoparasites/Phylogeny/phylo-full/T1.raxml.log

Analysis started: 01-Nov-2023 16:14:03 / finished: 01-Nov-2023 16:14:03

Elapsed time: 0.030 seconds

